<?xml version="1.0" encoding="UTF-8"?>
<!-- Generated by org.testng.reporters.JUnitXMLReporter -->
<testsuite ignored="0" hostname="LAPTOP-HC48UM7D" failures="0" tests="4" name="Default test" time="1.948" errors="0" timestamp="2022-03-17T20:37:15 EET">
  <testcase classname="tests.UserLoginTest" name="userCanLoginSuccessfully" time="0.552"/>
  <testcase classname="tests.UserLoginTest" name="addProductsToCartSuccessfully" time="0.339"/>
  <testcase classname="tests.UserLoginTest" name="proceedToCheckoutPageAndPlaceOrder" time="0.803"/>
  <testcase classname="tests.UserLoginTest" name="validateOrderPlacedSuccessfully" time="0.175"/>
</testsuite> <!-- Default test -->
